<?xml version="1.0" encoding="UTF-8"?>
<!-- Generated by org.testng.reporters.JUnitReportReporter -->
<testsuite hostname="EPINPUNW03E8" failures="0" tests="4" name="DesignFramework.LoginTest" time="24.679" errors="0" timestamp="2023-09-29T18:48:10 IST" skipped="0">
  <testcase classname="DesignFramework.LoginTest" name="loginWithInvalidCred" time="6.243"/>
  <system-out/>
  <testcase classname="DesignFramework.LoginTest" name="noUserNameAndPassword" time="5.923"/>
  <system-out/>
  <testcase classname="DesignFramework.LoginTest" name="loginWithInvalidCred" time="6.917"/>
  <system-out/>
  <testcase classname="DesignFramework.LoginTest" name="loginWithUserName" time="5.596"/>
  <system-out/>
</testsuite> <!-- DesignFramework.LoginTest -->
